

================================================================
== Vivado HLS Report for 'alu_hls_ex'
================================================================
* Date:           Sun Aug 10 14:59:01 2025

* Version:        2019.1 (Build 2552052 on Fri May 24 15:28:33 MDT 2019)
* Project:        ALU
* Solution:       ALU_Solution
* Product family: virtex7
* Target device:  xc7vx485t-ffg1157-1


================================================================
== Performance Estimates
================================================================
+ Timing (ns): 
    * Summary: 
    +--------+-------+----------+------------+
    |  Clock | Target| Estimated| Uncertainty|
    +--------+-------+----------+------------+
    |ap_clk  |  10.00|     3.981|        1.25|
    +--------+-------+----------+------------+

+ Latency (clock cycles): 
    * Summary: 
    +-----+-----+-----+-----+---------+
    |  Latency  |  Interval | Pipeline|
    | min | max | min | max |   Type  |
    +-----+-----+-----+-----+---------+
    |    1|    1|    1|    1|   none  |
    +-----+-----+-----+-----+---------+

    + Detail: 
        * Instance: 
        N/A

        * Loop: 
        N/A



================================================================
== Utilization Estimates
================================================================
* Summary: 
+-----------------+---------+-------+--------+--------+-----+
|       Name      | BRAM_18K| DSP48E|   FF   |   LUT  | URAM|
+-----------------+---------+-------+--------+--------+-----+
|DSP              |        -|      -|       -|       -|    -|
|Expression       |        -|      -|       0|     153|    -|
|FIFO             |        -|      -|       -|       -|    -|
|Instance         |        -|      -|       -|       -|    -|
|Memory           |        -|      -|       -|       -|    -|
|Multiplexer      |        -|      -|       -|     157|    -|
|Register         |        -|      -|       2|       -|    -|
+-----------------+---------+-------+--------+--------+-----+
|Total            |        0|      0|       2|     310|    0|
+-----------------+---------+-------+--------+--------+-----+
|Available        |     2060|   2800|  607200|  303600|    0|
+-----------------+---------+-------+--------+--------+-----+
|Utilization (%)  |        0|      0|   ~0   |   ~0   |    0|
+-----------------+---------+-------+--------+--------+-----+

+ Detail: 
    * Instance: 
    N/A

    * DSP48E: 
    N/A

    * Memory: 
    N/A

    * FIFO: 
    N/A

    * Expression: 
    +----------------------+----------+-------+---+----+------------+------------+
    |     Variable Name    | Operation| DSP48E| FF| LUT| Bitwidth P0| Bitwidth P1|
    +----------------------+----------+-------+---+----+------------+------------+
    |inc_V_fu_162_p2       |     +    |      0|  0|  16|           9|           1|
    |p_Val2_1_fu_313_p2    |     +    |      0|  0|  15|           8|           8|
    |p_Val2_4_fu_168_p2    |     +    |      0|  0|  15|           8|           1|
    |sum_V_fu_307_p2       |     +    |      0|  0|  16|           9|           9|
    |p_Val2_2_fu_250_p2    |     -    |      0|  0|  15|           8|           8|
    |and_ln24_fu_361_p2    |    and   |      0|  0|   2|           1|           1|
    |and_ln33_fu_294_p2    |    and   |      0|  0|   2|           1|           1|
    |and_ln46_fu_218_p2    |    and   |      0|  0|   2|           1|           1|
    |ret_V_fu_244_p2       |    and   |      0|  0|   8|           8|           8|
    |Z                     |   icmp   |      0|  0|  11|           8|           1|
    |icmp_ln31_fu_256_p2   |   icmp   |      0|  0|  11|           8|           8|
    |ret_V_1_fu_238_p2     |    or    |      0|  0|   8|           8|           8|
    |r_V_fu_225_p2         |    xor   |      0|  0|   8|           2|           8|
    |ret_V_2_fu_232_p2     |    xor   |      0|  0|   8|           8|           8|
    |xor_ln24_1_fu_341_p2  |    xor   |      0|  0|   2|           1|           2|
    |xor_ln24_2_fu_355_p2  |    xor   |      0|  0|   2|           1|           1|
    |xor_ln24_fu_335_p2    |    xor   |      0|  0|   2|           1|           1|
    |xor_ln31_fu_260_p2    |    xor   |      0|  0|   2|           1|           2|
    |xor_ln33_1_fu_288_p2  |    xor   |      0|  0|   2|           1|           1|
    |xor_ln33_fu_282_p2    |    xor   |      0|  0|   2|           1|           1|
    |xor_ln46_1_fu_191_p2  |    xor   |      0|  0|   2|           1|           2|
    |xor_ln46_fu_212_p2    |    xor   |      0|  0|   2|           1|           1|
    +----------------------+----------+-------+---+----+------------+------------+
    |Total                 |          |      0|  0| 153|          95|          82|
    +----------------------+----------+-------+---+----+------------+------------+

    * Multiplexer: 
    +------------------------------------+----+-----------+-----+-----------+
    |                Name                | LUT| Input Size| Bits| Total Bits|
    +------------------------------------+----+-----------+-----+-----------+
    |C                                   |  27|          5|    1|          5|
    |R_V                                 |  44|          9|    8|         72|
    |V                                   |  27|          5|    1|          5|
    |ap_NS_fsm                           |  15|          3|    1|          3|
    |ap_phi_mux_p_Val2_5_phi_fu_133_p16  |  44|          9|    8|         72|
    +------------------------------------+----+-----------+-----+-----------+
    |Total                               | 157|         31|   19|        157|
    +------------------------------------+----+-----------+-----+-----------+

    * Register: 
    +-----------+---+----+-----+-----------+
    |    Name   | FF| LUT| Bits| Const Bits|
    +-----------+---+----+-----+-----------+
    |ap_CS_fsm  |  2|   0|    2|          0|
    +-----------+---+----+-----+-----------+
    |Total      |  2|   0|    2|          0|
    +-----------+---+----+-----+-----------+



================================================================
== Interface
================================================================
* Summary: 
+----------+-----+-----+--------------+--------------+--------------+
| RTL Ports| Dir | Bits|   Protocol   | Source Object|    C Type    |
+----------+-----+-----+--------------+--------------+--------------+
|ap_clk    |  in |    1| ap_ctrl_none |  alu_hls_ex  | return value |
|ap_rst    |  in |    1| ap_ctrl_none |  alu_hls_ex  | return value |
|A_V       |  in |    8|    ap_none   |      A_V     |    scalar    |
|B_V       |  in |    8|    ap_none   |      B_V     |    scalar    |
|op_V      |  in |    3|    ap_none   |     op_V     |    scalar    |
|R_V       | out |    8|    ap_none   |      R_V     |    pointer   |
|C         | out |    1|    ap_none   |       C      |    pointer   |
|Z         | out |    1|    ap_none   |       Z      |    pointer   |
|N         | out |    1|    ap_none   |       N      |    pointer   |
|V         | out |    1|    ap_none   |       V      |    pointer   |
+----------+-----+-----+--------------+--------------+--------------+

