

================================================================
== Vivado HLS Report for 'fsm_hls'
================================================================
* Date:           Sun Aug 10 15:47:12 2025

* Version:        2019.1 (Build 2552052 on Fri May 24 15:28:33 MDT 2019)
* Project:        FSM
* Solution:       solution_fsm
* Product family: zynq
* Target device:  xc7z020-clg400-1


================================================================
== Performance Estimates
================================================================
+ Timing (ns): 
    * Summary: 
    +--------+-------+----------+------------+
    |  Clock | Target| Estimated| Uncertainty|
    +--------+-------+----------+------------+
    |ap_clk  |  10.00|     5.156|        1.25|
    +--------+-------+----------+------------+

+ Latency (clock cycles): 
    * Summary: 
    +-----+-----+-----+-----+---------+
    |  Latency  |  Interval | Pipeline|
    | min | max | min | max |   Type  |
    +-----+-----+-----+-----+---------+
    |    1|    1|    1|    1|   none  |
    +-----+-----+-----+-----+---------+

    + Detail: 
        * Instance: 
        N/A

        * Loop: 
        N/A



================================================================
== Utilization Estimates
================================================================
* Summary: 
+-----------------+---------+-------+--------+-------+-----+
|       Name      | BRAM_18K| DSP48E|   FF   |  LUT  | URAM|
+-----------------+---------+-------+--------+-------+-----+
|DSP              |        -|      -|       -|      -|    -|
|Expression       |        -|      -|       0|    110|    -|
|FIFO             |        -|      -|       -|      -|    -|
|Instance         |        -|      -|       -|      -|    -|
|Memory           |        -|      -|       -|      -|    -|
|Multiplexer      |        -|      -|       -|    177|    -|
|Register         |        -|      -|     102|      -|    -|
+-----------------+---------+-------+--------+-------+-----+
|Total            |        0|      0|     102|    287|    0|
+-----------------+---------+-------+--------+-------+-----+
|Available        |      280|    220|  106400|  53200|    0|
+-----------------+---------+-------+--------+-------+-----+
|Utilization (%)  |        0|      0|   ~0   |   ~0  |    0|
+-----------------+---------+-------+--------+-------+-----+

+ Detail: 
    * Instance: 
    N/A

    * DSP48E: 
    N/A

    * Memory: 
    N/A

    * FIFO: 
    N/A

    * Expression: 
    +-----------------------+----------+-------+---+----+------------+------------+
    |     Variable Name     | Operation| DSP48E| FF| LUT| Bitwidth P0| Bitwidth P1|
    +-----------------------+----------+-------+---+----+------------+------------+
    |add_ln214_1_fu_191_p2  |     +    |      0|  0|  39|          32|           2|
    |add_ln214_fu_203_p2    |     +    |      0|  0|  39|          32|           1|
    |mux_out_V              |  select  |      0|  0|  32|           1|          32|
    +-----------------------+----------+-------+---+----+------------+------------+
    |Total                  |          |      0|  0| 110|          65|          35|
    +-----------------------+----------+-------+---+----+------------+------------+

    * Multiplexer: 
    +-------------------------------------------+----+-----------+-----+-----------+
    |                    Name                   | LUT| Input Size| Bits| Total Bits|
    +-------------------------------------------+----+-----------+-----+-----------+
    |ap_NS_fsm                                  |  15|          3|    1|          3|
    |ap_phi_mux_counter_V_loc_1_phi_fu_112_p12  |  33|          6|   32|        192|
    |ap_phi_mux_empty_phi_fu_132_p12            |  33|          6|    2|         12|
    |counter_V                                  |  21|          4|   32|        128|
    |counter_V_loc_1_reg_108                    |  27|          5|   32|        160|
    |empty_reg_128                              |  27|          5|    2|         10|
    |state                                      |  21|          4|    2|          8|
    +-------------------------------------------+----+-----------+-----+-----------+
    |Total                                      | 177|         33|  103|        513|
    +-------------------------------------------+----+-----------+-----+-----------+

    * Register: 
    +-------------------------+----+----+-----+-----------+
    |           Name          | FF | LUT| Bits| Const Bits|
    +-------------------------+----+----+-----+-----------+
    |ap_CS_fsm                |   2|   0|    2|          0|
    |counter_V                |  32|   0|   32|          0|
    |counter_V_load_reg_253   |  32|   0|   32|          0|
    |counter_V_loc_1_reg_108  |  32|   0|   32|          0|
    |empty_reg_128            |   2|   0|    2|          0|
    |state                    |   2|   0|    2|          0|
    +-------------------------+----+----+-----+-----------+
    |Total                    | 102|   0|  102|          0|
    +-------------------------+----+----+-----+-----------+



================================================================
== Interface
================================================================
* Summary: 
+--------------+-----+-----+--------------+--------------+--------------+
|   RTL Ports  | Dir | Bits|   Protocol   | Source Object|    C Type    |
+--------------+-----+-----+--------------+--------------+--------------+
|ap_clk        |  in |    1| ap_ctrl_none |    fsm_hls   | return value |
|ap_rst        |  in |    1| ap_ctrl_none |    fsm_hls   | return value |
|reset         |  in |    1|    ap_none   |     reset    |    scalar    |
|start         |  in |    1|    ap_none   |     start    |    scalar    |
|mode_V        |  in |    2|    ap_none   |    mode_V    |    scalar    |
|sel_mux       |  in |    1|    ap_none   |    sel_mux   |    scalar    |
|in_data_V     |  in |   32|    ap_none   |   in_data_V  |    scalar    |
|const_data_V  |  in |   32|    ap_none   | const_data_V |    scalar    |
|mux_out_V     | out |   32|    ap_none   |   mux_out_V  |    pointer   |
|status_V      | out |    2|    ap_none   |   status_V   |    pointer   |
+--------------+-----+-----+--------------+--------------+--------------+

